#
# There is insufficient memory for the Java Runtime Environment to continue.
# Native memory allocation (mmap) failed to map 130023424 bytes for G1 virtual space
# Possible reasons:
#   The system is out of physical RAM or swap space
#   The process is running with CompressedOops enabled, and the Java Heap may be blocking the growth of the native heap
# Possible solutions:
#   Reduce memory load on the system
#   Increase physical memory or swap space
#   Check if swap backing store is full
#   Decrease Java heap size (-Xmx/-Xms)
#   Decrease number of Java threads
#   Decrease Java thread stack sizes (-Xss)
#   Set larger code cache with -XX:ReservedCodeCacheSize=
#   JVM is running with Unscaled Compressed Oops mode in which the Java heap is
#     placed in the first 4GB address space. The Java Heap base address is the
#     maximum limit for the native heap growth. Please use -XX:HeapBaseMinAddress
#     to set the Java Heap base and to place the Java Heap above 4GB virtual address.
# This output file may be truncated or incomplete.
#
#  Out of Memory Error (os_windows.cpp:3535), pid=139228, tid=121540
#
# JRE version:  (17.0.4.1+1) (build )
# Java VM: Java HotSpot(TM) 64-Bit Server VM (17.0.4.1+1-LTS-2, mixed mode, emulated-client, sharing, tiered, compressed oops, compressed class ptrs, g1 gc, windows-amd64)
# No core dump will be written. Minidumps are not enabled by default on client versions of Windows
#

---------------  S U M M A R Y ------------

Command Line: -Dcom.sun.management.jmxremote -Dcom.sun.management.jmxremote.port=49404 -Dcom.sun.management.jmxremote.authenticate=false -Dcom.sun.management.jmxremote.ssl=false -Djava.rmi.server.hostname=localhost -Dspring.jmx.enabled=true -Dmanagement.endpoints.jmx.exposure.include=* -Dspring.application.admin.enabled=true -Dspring.output.ansi.enabled=always -XX:TieredStopAtLevel=1 -Dspring.boot.project.name=projet -Dfile.encoding=UTF-8 -Dstdout.encoding=UTF-8 -Dstderr.encoding=UTF-8 -XX:+ShowCodeDetailsInExceptionMessages com.iit.projet.ProjetApplication

Host: 11th Gen Intel(R) Core(TM) i7-1165G7 @ 2.80GHz, 8 cores, 7G,  Windows 10 , 64 bit Build 19041 (10.0.19041.5915)
Time: Thu Dec 25 12:31:59 2025 Afr. centrale Ouest elapsed time: 0.051332 seconds (0d 0h 0m 0s)

---------------  T H R E A D  ---------------

Current thread (0x000001678c5876b0):  JavaThread "Unknown thread" [_thread_in_vm, id=121540, stack(0x0000000ce0900000,0x0000000ce0a00000)]

Stack: [0x0000000ce0900000,0x0000000ce0a00000]
Native frames: (J=compiled Java code, j=interpreted, Vv=VM code, C=native code)
V  [jvm.dll+0x6723ba]
V  [jvm.dll+0x7d1e34]
V  [jvm.dll+0x7d35de]
V  [jvm.dll+0x7d3c43]
V  [jvm.dll+0x243065]
V  [jvm.dll+0x66f2d9]
V  [jvm.dll+0x663c22]
V  [jvm.dll+0x3011cb]
V  [jvm.dll+0x308766]
V  [jvm.dll+0x35846e]
V  [jvm.dll+0x35869f]
V  [jvm.dll+0x2d83e8]
V  [jvm.dll+0x2d9354]
V  [jvm.dll+0x7a3911]
V  [jvm.dll+0x3662c1]
V  [jvm.dll+0x782d7c]
V  [jvm.dll+0x3e8c1f]
V  [jvm.dll+0x3ea6c1]
C  [jli.dll+0x527b]
C  [ucrtbase.dll+0x21bb2]
C  [KERNEL32.DLL+0x17374]
C  [ntdll.dll+0x4cc91]


---------------  P R O C E S S  ---------------

Threads class SMR info:
_java_thread_list=0x00007ffa7f85a858, length=0, elements={
}

Java Threads: ( => current thread )

Other Threads:
  0x000001678c5e13e0 GCTaskThread "GC Thread#0" [stack: 0x0000000ce0a00000,0x0000000ce0b00000] [id=150420]
  0x000001678c5f3060 ConcurrentGCThread "G1 Main Marker" [stack: 0x0000000ce0b00000,0x0000000ce0c00000] [id=135188]
  0x000001678c5f3980 ConcurrentGCThread "G1 Conc#0" [stack: 0x0000000ce0c00000,0x0000000ce0d00000] [id=132600]

[error occurred during error reporting (printing all threads), id 0xc0000005, EXCEPTION_ACCESS_VIOLATION (0xc0000005) at pc=0x00007ffa7f0a8dd7]

VM state: not at safepoint (not fully initialized)

VM Mutex/Monitor currently owned by a thread:  ([mutex/lock_event])
[0x000001678c583420] Heap_lock - owner thread: 0x000001678c5876b0

Heap address: 0x0000000084c00000, size: 1972 MB, Compressed Oops mode: 32-bit

CDS archive(s) mapped at: [0x0000000000000000-0x0000000000000000-0x0000000000000000), size 0, SharedBaseAddress: 0x0000000800000000, ArchiveRelocationMode: 0.
Narrow klass base: 0x0000000000000000, Narrow klass shift: 0, Narrow klass range: 0x0

GC Precious Log:
<Empty>

Heap:
 garbage-first heap   total 0K, used 0K [0x0000000084c00000, 0x0000000100000000)
  region size 1024K, 0 young (0K), 0 survivors (0K)

[error occurred during error reporting (printing heap information), id 0xc0000005, EXCEPTION_ACCESS_VIOLATION (0xc0000005) at pc=0x00007ffa7f48b869]

GC Heap History (0 events):
No events

Deoptimization events (0 events):
No events

Classes unloaded (0 events):
No events

Classes redefined (0 events):
No events

Internal exceptions (0 events):
No events

VM Operations (0 events):
No events

Events (1 events):
Event: 0.034 Loaded shared library C:\Program Files\Java\jdk-17.0.4.1\bin\java.dll


Dynamic libraries:
0x00007ff7d24e0000 - 0x00007ff7d24f0000 	C:\Program Files\Java\jdk-17.0.4.1\bin\javaw.exe
0x00007ffae8910000 - 0x00007ffae8b08000 	C:\Windows\SYSTEM32\ntdll.dll
0x00007ffae6da0000 - 0x00007ffae6e62000 	C:\Windows\System32\KERNEL32.DLL
0x00007ffae6230000 - 0x00007ffae6526000 	C:\Windows\System32\KERNELBASE.dll
0x00007ffae6800000 - 0x00007ffae6900000 	C:\Windows\System32\ucrtbase.dll
0x00007ffad2f40000 - 0x00007ffad2f58000 	C:\Program Files\Java\jdk-17.0.4.1\bin\jli.dll
0x00007ffad3d50000 - 0x00007ffad3d6a000 	C:\Program Files\Java\jdk-17.0.4.1\bin\VCRUNTIME140.dll
0x00007ffae8190000 - 0x00007ffae8241000 	C:\Windows\System32\ADVAPI32.dll
0x00007ffae8830000 - 0x00007ffae88ce000 	C:\Windows\System32\msvcrt.dll
0x00007ffae8250000 - 0x00007ffae82ef000 	C:\Windows\System32\sechost.dll
0x00007ffae7de0000 - 0x00007ffae7f00000 	C:\Windows\System32\RPCRT4.dll
0x00007ffae6900000 - 0x00007ffae6927000 	C:\Windows\System32\bcrypt.dll
0x00007ffae78e0000 - 0x00007ffae7a81000 	C:\Windows\System32\USER32.dll
0x00007ffae6620000 - 0x00007ffae6642000 	C:\Windows\System32\win32u.dll
0x00007ffae7db0000 - 0x00007ffae7ddb000 	C:\Windows\System32\GDI32.dll
0x00007ffae6650000 - 0x00007ffae6769000 	C:\Windows\System32\gdi32full.dll
0x00007ffae6580000 - 0x00007ffae661d000 	C:\Windows\System32\msvcp_win.dll
0x00007ffacdc60000 - 0x00007ffacdefb000 	C:\Windows\WinSxS\amd64_microsoft.windows.common-controls_6595b64144ccf1df_6.0.19041.6456_none_60b8a6cb71f64256\COMCTL32.dll
0x00007ffade160000 - 0x00007ffade16a000 	C:\Windows\SYSTEM32\VERSION.dll
0x00007ffae6f40000 - 0x00007ffae6f6f000 	C:\Windows\System32\IMM32.DLL
0x00007ffadc8e0000 - 0x00007ffadc8ec000 	C:\Program Files\Java\jdk-17.0.4.1\bin\vcruntime140_1.dll
0x00007ffabc960000 - 0x00007ffabc9ed000 	C:\Program Files\Java\jdk-17.0.4.1\bin\msvcp140.dll
0x00007ffa7edc0000 - 0x00007ffa7f982000 	C:\Program Files\Java\jdk-17.0.4.1\bin\server\jvm.dll
0x00007ffae8700000 - 0x00007ffae8708000 	C:\Windows\System32\PSAPI.DLL
0x00007ffad2e30000 - 0x00007ffad2e57000 	C:\Windows\SYSTEM32\WINMM.dll
0x00007ffab9280000 - 0x00007ffab9289000 	C:\Windows\SYSTEM32\WSOCK32.dll
0x00007ffae7b80000 - 0x00007ffae7beb000 	C:\Windows\System32\ws2_32.DLL
0x00007ffae3fb0000 - 0x00007ffae3fc2000 	C:\Windows\SYSTEM32\kernel.appcore.dll
0x00007ffad4970000 - 0x00007ffad497a000 	C:\Program Files\Java\jdk-17.0.4.1\bin\jimage.dll
0x00007ffae3cc0000 - 0x00007ffae3ec1000 	C:\Windows\SYSTEM32\DBGHELP.DLL
0x00007ffad3c50000 - 0x00007ffad3c84000 	C:\Windows\SYSTEM32\dbgcore.DLL
0x00007ffae6770000 - 0x00007ffae67f2000 	C:\Windows\System32\bcryptPrimitives.dll
0x00007ffabc930000 - 0x00007ffabc955000 	C:\Program Files\Java\jdk-17.0.4.1\bin\java.dll

dbghelp: loaded successfully - version: 4.0.5 - missing functions: none
symbol engine: initialized successfully - sym options: 0x614 - pdb path: .;C:\Program Files\Java\jdk-17.0.4.1\bin;C:\Windows\SYSTEM32;C:\Windows\WinSxS\amd64_microsoft.windows.common-controls_6595b64144ccf1df_6.0.19041.6456_none_60b8a6cb71f64256;C:\Program Files\Java\jdk-17.0.4.1\bin\server

VM Arguments:
jvm_args: -Dcom.sun.management.jmxremote -Dcom.sun.management.jmxremote.port=49404 -Dcom.sun.management.jmxremote.authenticate=false -Dcom.sun.management.jmxremote.ssl=false -Djava.rmi.server.hostname=localhost -Dspring.jmx.enabled=true -Dmanagement.endpoints.jmx.exposure.include=* -Dspring.application.admin.enabled=true -Dspring.output.ansi.enabled=always -XX:TieredStopAtLevel=1 -Dspring.boot.project.name=projet -Dfile.encoding=UTF-8 -Dstdout.encoding=UTF-8 -Dstderr.encoding=UTF-8 -XX:+ShowCodeDetailsInExceptionMessages 
java_command: com.iit.projet.ProjetApplication
java_class_path (initial): C:\Dev\spring\workspace\projet\target\classes;C:\Dev\outils\maven\depot_local\org\springframework\boot\spring-boot-starter-data-jpa\3.5.7\spring-boot-starter-data-jpa-3.5.7.jar;C:\Dev\outils\maven\depot_local\org\springframework\boot\spring-boot-starter\3.5.7\spring-boot-starter-3.5.7.jar;C:\Dev\outils\maven\depot_local\org\springframework\boot\spring-boot-starter-logging\3.5.7\spring-boot-starter-logging-3.5.7.jar;C:\Dev\outils\maven\depot_local\ch\qos\logback\logback-classic\1.5.20\logback-classic-1.5.20.jar;C:\Dev\outils\maven\depot_local\ch\qos\logback\logback-core\1.5.20\logback-core-1.5.20.jar;C:\Dev\outils\maven\depot_local\org\apache\logging\log4j\log4j-to-slf4j\2.24.3\log4j-to-slf4j-2.24.3.jar;C:\Dev\outils\maven\depot_local\org\apache\logging\log4j\log4j-api\2.24.3\log4j-api-2.24.3.jar;C:\Dev\outils\maven\depot_local\org\slf4j\jul-to-slf4j\2.0.17\jul-to-slf4j-2.0.17.jar;C:\Dev\outils\maven\depot_local\jakarta\annotation\jakarta.annotation-api\2.1.1\jakarta.annotation-api-2.1.1.jar;C:\Dev\outils\maven\depot_local\org\yaml\snakeyaml\2.4\snakeyaml-2.4.jar;C:\Dev\outils\maven\depot_local\org\springframework\boot\spring-boot-starter-jdbc\3.5.7\spring-boot-starter-jdbc-3.5.7.jar;C:\Dev\outils\maven\depot_local\com\zaxxer\HikariCP\6.3.3\HikariCP-6.3.3.jar;C:\Dev\outils\maven\depot_local\org\springframework\spring-jdbc\6.2.12\spring-jdbc-6.2.12.jar;C:\Dev\outils\maven\depot_local\org\hibernate\orm\hibernate-core\6.6.33.Final\hibernate-core-6.6.33.Final.jar;C:\Dev\outils\maven\depot_local\jakarta\persistence\jakarta.persistence-api\3.1.0\jakarta.persistence-api-3.1.0.jar;C:\Dev\outils\maven\depot_local\jakarta\transaction\jakarta.transaction-api\2.0.1\jakarta.transaction-api-2.0.1.jar;C:\Dev\outils\maven\depot_local\org\jboss\logging\jboss-logging\3.6.1.Final\jboss-logging-3.6.1.Final.jar;C:\Dev\outils\maven\depot_local\org\hibernate\common\hibernate-commons-annotations\7.0.3.Final\hibernate-commons-annotations-7.0.3.Final.jar;C:\Dev\ou
Launcher Type: SUN_STANDARD

[Global flags]
     intx CICompilerCount                          = 4                                         {product} {ergonomic}
     uint ConcGCThreads                            = 2                                         {product} {ergonomic}
     uint G1ConcRefinementThreads                  = 8                                         {product} {ergonomic}
   size_t G1HeapRegionSize                         = 1048576                                   {product} {ergonomic}
    uintx GCDrainStackTargetSize                   = 64                                        {product} {ergonomic}
   size_t InitialHeapSize                          = 130023424                                 {product} {ergonomic}
     bool ManagementServer                         = true                                      {product} {command line}
   size_t MarkStackSize                            = 4194304                                   {product} {ergonomic}
   size_t MaxHeapSize                              = 2067791872                                {product} {ergonomic}
   size_t MinHeapDeltaBytes                        = 1048576                                   {product} {ergonomic}
   size_t MinHeapSize                              = 8388608                                   {product} {ergonomic}
    uintx NonProfiledCodeHeapSize                  = 0                                      {pd product} {ergonomic}
     bool ProfileInterpreter                       = false                                  {pd product} {command line}
    uintx ProfiledCodeHeapSize                     = 0                                      {pd product} {ergonomic}
     bool ShowCodeDetailsInExceptionMessages       = true                                   {manageable} {command line}
   size_t SoftMaxHeapSize                          = 2067791872                             {manageable} {ergonomic}
     intx TieredStopAtLevel                        = 1                                         {product} {command line}
     bool UseCompressedClassPointers               = true                           {product lp64_product} {ergonomic}
     bool UseCompressedOops                        = true                           {product lp64_product} {ergonomic}
     bool UseG1GC                                  = true                                      {product} {ergonomic}
     bool UseLargePagesIndividualAllocation        = false                                  {pd product} {ergonomic}

Logging:
Log output configuration:
 #0: stdout all=warning uptime,level,tags
 #1: stderr all=off uptime,level,tags

Environment Variables:
JAVA_HOME=C:\Program Files\Java\jdk-17.0.4.1
PATH=C:/Users/aminm/Downloads/eclipse-jee-2024-12-R-win32-x86_64/eclipse//plugins/org.eclipse.justj.openjdk.hotspot.jre.full.win32.x86_64_21.0.5.v20241023-1957/jre/bin/server;C:/Users/aminm/Downloads/eclipse-jee-2024-12-R-win32-x86_64/eclipse//plugins/org.eclipse.justj.openjdk.hotspot.jre.full.win32.x86_64_21.0.5.v20241023-1957/jre/bin;C:\Program Files\Java\jdk-17.0.4.1\bin;C:\hadoop-3.4.0\bin;C:\oraclexe\app\oracle\product\11.2.0\server\bin;C:\Users\aminm\AppData\Local\Programs\Python\Python312\Scripts\;C:\Program Files\Common Files\Oracle\Java\javapath;C:\Program Files (x86)\Common Files\Oracle\Java\java8path;C:\Program Files (x86)\Common Files\Oracle\Java\javapath;C:\Windows\system32;C:\Windows;C:\Windows\System32\Wbem;C:\Windows\System32\WindowsPowerShell\v1.0\;C:\Windows\System32\OpenSSH\;C:\Program Files (x86)\NVIDIA Corporation\PhysX\Common;C:\Program Files\NVIDIA Corporation\NVIDIA NvDLISR;C:\xampp\php;C:\Program Files\Git\cmd;C:\Users\aminm\AppData\Local\Programs\Python\Python312\Scripts\;C:\ProgramData\ComposerSetup\bin;C:\Program Files\Microsoft SQL Server\150\Tools\Binn\;C:\Program Files\Microsoft SQL Server\Client SDK\ODBC\170\Tools\Binn\;C:\Program Files\dotnet\;C:\Program Files\Microsoft SQL Server\130\DTS\Binn\;C:\Program Files\Microsoft SQL Server\140\DTS\Binn\;C:\Program Files\Microsoft SQL Server\150\DTS\Binn\;C:\Program Files\Microsoft SQL Server\160\DTS\Binn\;C:\Program Files (x86)\Microsoft SQL Server\160\Tools\Binn\;C:\Program Files\Microsoft SQL Server\160\Tools\Binn\;C:\Program Files (x86)\Microsoft SQL Server\160\DTS\Binn\;C:\Program Files\nodejs\;C:\Dev\outils\maven\apache-maven-3.9.11-bin\apache-maven-3.9.11\bin;C:\Program Files\Docker\Docker\resources\bin;C:\Flutter_SDK\bin;C:\Android_SDK\platform-tools;C:\Android_SDK\tools;C:\Android_SDK\tools\bin;C:\Users\aminm\AppData\Local\Programs\Python\Python312\Scripts\;C:\Users\aminm\AppData\Local\Programs\Python\Python312\;C:\Users\aminm\AppData\Local\Microsoft\WindowsApps;C:\Program Files (x86)\S
USERNAME=aminm
OS=Windows_NT
PROCESSOR_IDENTIFIER=Intel64 Family 6 Model 140 Stepping 1, GenuineIntel



---------------  S Y S T E M  ---------------

OS:
 Windows 10 , 64 bit Build 19041 (10.0.19041.5915)
OS uptime: 17 days 2:17 hours
Hyper-V role detected

CPU: total 8 (initial active 8) (4 cores per cpu, 2 threads per core) family 6 model 140 stepping 1 microcode 0x86, cx8, cmov, fxsr, ht, mmx, 3dnowpref, sse, sse2, sse3, ssse3, sse4.1, sse4.2, popcnt, lzcnt, tsc, tscinvbit, avx, avx2, aes, erms, clmul, bmi1, bmi2, adx, avx512f, avx512dq, avx512cd, avx512bw, avx512vl, sha, fma, vzeroupper, avx512_vpopcntdq, avx512_vpclmulqdq, avx512_vaes, avx512_vnni, clflush, clflushopt, clwb, avx512_vbmi2, avx512_vbmi, hv

Memory: 4k page, system-wide physical 7886M (499M free)
TotalPageFile size 32462M (AvailPageFile size 110M)
current process WorkingSet (physical memory assigned to process): 10M, peak: 10M
current process commit charge ("private bytes"): 55M, peak: 179M

vm_info: Java HotSpot(TM) 64-Bit Server VM (17.0.4.1+1-LTS-2) for windows-amd64 JRE (17.0.4.1+1-LTS-2), built on Aug 16 2022 18:32:06 by "mach5one" with MS VC++ 16.8 / 16.9 (VS2019)

END.
